Last Not Complete Stopped@Line 186 |Cut Mode|  Elapsed: 00:00:40  ConsoleMvSpeed 2  FileEndSpeed 0.1575    11:57:59  08-18-2019
 File Completed:No  Ln:186 Max: 0.64, 0.50, 0.50  Min: 0.00, 0.00, 0.00  Offset:no  Brks=1  TBCs: 17.006, 21.422, .368  Props: 1.000, 1.000, 1.000
Last Complete  |Cut Mode|  Elapsed: 00:02:13  ConsoleMvSpeed 2  FileEndSpeed 0.1575    12:01:02  08-18-2019
 File Completed:Yes Ln:935 Max: 0.64, 0.50, 0.08  Min: 0.06, 0.05, 0.00  Offset:no  Brks=0  TBCs: 17.006, 21.422, .366  Props: 1.000, 1.000, 1.000
Last Complete  |Cut Mode|  Elapsed: 00:02:13  ConsoleMvSpeed 2  FileEndSpeed 0.1575    12:03:46  08-18-2019
 File Completed:Yes Ln:935 Max: 0.64, 0.50, 0.08  Min: 0.06, 0.00, 0.00  Offset:no  Brks=0  TBCs: 17.006, 20.922, .366  Props: 1.000, 1.000, 1.000
Last Complete  |Cut Mode|  Elapsed: 00:02:13  ConsoleMvSpeed 2  FileEndSpeed 0.1575    12:09:42  08-18-2019
 File Completed:Yes Ln:935 Max: 0.64, 0.50, 0.08  Min: 0.06, 0.00, 0.00  Offset:no  Brks=0  TBCs: 17.006, 20.422, .366  Props: 1.000, 1.000, 1.000
Last Complete  |Cut Mode|  Elapsed: 00:02:17  ConsoleMvSpeed 2  FileEndSpeed 0.1575    15:14:23  08-19-2019
 File Completed:Yes Ln:935 Max: 0.64, 0.50, 0.08  Min: 0.06, 0.05, 0.00  Offset:no  Brks=0  TBCs: 17.053, 18.278, .366  Props: 1.000, 1.000, 1.000
Last Not Complete Stopped@Line 28 |Cut Mode|  Elapsed: 00:00:19  ConsoleMvSpeed 2  FileEndSpeed 0.1575    15:20:19  08-19-2019
 File Completed:No  Ln:28 Max: 0.64, 0.50, 0.50  Min: 0.06, 0.05, 0.00  Offset:no  Brks=1  TBCs: 17.053, 18.278, .364  Props: 1.000, 1.000, 1.000
Last Not Complete Stopped@Line 118 |Cut Mode|  Elapsed: 00:00:32  ConsoleMvSpeed 2  FileEndSpeed 0.1575    15:21:12  08-19-2019
 File Completed:No  Ln:118 Max: 0.64, 0.50, 0.50  Min: 0.06, 0.00, 0.00  Offset:no  Brks=1  TBCs: 17.053, 18.778, .364  Props: 1.000, 1.000, 1.000
Last Complete  |Cut Mode|  Elapsed: 00:02:14  ConsoleMvSpeed 2  FileEndSpeed 0.1575    15:42:10  08-19-2019
 File Completed:Yes Ln:935 Max: 0.64, 0.50, 0.08  Min: 0.06, 0.05, 0.00  Offset:no  Brks=0  TBCs: 17.053, 18.778, .357  Props: 1.000, 1.000, 1.000
Last Complete  |Cut Mode|  Elapsed: 00:02:15  ConsoleMvSpeed 2  FileEndSpeed 0.1575    15:45:12  08-19-2019
 File Completed:Yes Ln:935 Max: 0.64, 0.50, 0.08  Min: 0.06, 0.00, 0.00  Offset:no  Brks=0  TBCs: 17.053, 19.278, .357  Props: 1.000, 1.000, 1.000
Last Complete  |Cut Mode|  Elapsed: 00:02:15  ConsoleMvSpeed 2  FileEndSpeed 0.1575    15:47:50  08-19-2019
 File Completed:Yes Ln:935 Max: 0.64, 0.50, 0.08  Min: 0.06, 0.00, 0.00  Offset:no  Brks=0  TBCs: 17.053, 19.778, .357  Props: 1.000, 1.000, 1.000
Last Not Complete Stopped@Line 78 |Cut Mode|  Elapsed: 00:00:26  ConsoleMvSpeed 2  FileEndSpeed 0.1575    17:14:51  08-19-2019
 File Completed:No  Ln:78 Max: 0.64, 0.50, 0.50  Min: 0.00, 0.00, 0.00  Offset:no  Brks=1  TBCs: 17.921, 18.278, .354  Props: 1.000, 1.000, 1.000
Last Not Complete Stopped@Line 1 |Cut Mode|  Elapsed: 00:00:04  ConsoleMvSpeed 2  FileEndSpeed 2    17:15:27  08-19-2019
 File Completed:No  Ln:1 Max: 0.09, 0.46, 0.00  Min: 0.09, 0.46,- 0.01  Offset:no  Brks=0  TBCs: 17.921, 18.278, .348  Props: 1.000, 1.000, 1.000
Last Not Complete Stopped@Line 118 |Cut Mode|  Elapsed: 00:00:33  ConsoleMvSpeed 2  FileEndSpeed 0.1575    17:16:06  08-19-2019
 File Completed:No  Ln:118 Max: 0.64, 0.50, 0.50  Min: 0.06, 0.05, 0.00  Offset:no  Brks=1  TBCs: 17.921, 18.278, .348  Props: 1.000, 1.000, 1.000
Last Complete  |Cut Mode|  Elapsed: 00:02:17  ConsoleMvSpeed 2  FileEndSpeed 0.1575    17:19:11  08-19-2019
 File Completed:Yes Ln:935 Max: 0.64, 0.50, 0.08  Min: 0.06, 0.05, 0.00  Offset:no  Brks=0  TBCs: 17.921, 18.278, .344  Props: 1.000, 1.000, 1.000
Last Complete  |Cut Mode|  Elapsed: 00:02:15  ConsoleMvSpeed 2  FileEndSpeed 0.1575    17:53:11  08-19-2019
 File Completed:Yes Ln:935 Max: 0.64, 0.50, 0.08  Min: 0.06, 0.05, 0.00  Offset:no  Brks=0  TBCs: 17.968, 18.778, .340  Props: 1.000, 1.000, 1.000
Last Complete  |Cut Mode|  Elapsed: 00:02:15  ConsoleMvSpeed 2  FileEndSpeed 0.1575    18:09:06  08-19-2019
 File Completed:Yes Ln:935 Max: 0.64, 0.50, 0.08  Min: 0.06, 0.05, 0.00  Offset:no  Brks=0  TBCs: 17.968, 19.278, .331  Props: 1.000, 1.000, 1.000
Last Complete  |Cut Mode|  Elapsed: 00:02:13  ConsoleMvSpeed 2  FileEndSpeed 0.1575    19:19:38  08-19-2019
 File Completed:Yes Ln:935 Max: 0.64, 0.50, 0.08  Min: 0.06, 0.05, 0.00  Offset:no  Brks=0  TBCs: 17.968, 19.778, .324  Props: 1.000, 1.000, 1.000
